/*
 * Test migration from Oracle.
 *
 * This requires that an Oracle database is running on the same
 * machine, the test schema has been created with "ora_mktest.sql",
 * ORACLE_SID and ORACLE_HOME are defined in the PostgreSQL server's
 * environment and the Oracle library directory is in the
 * library path.
 */
SET client_min_messages = WARNING;
/* create a user to perform the migration */
DROP ROLE IF EXISTS migrator;
CREATE ROLE migrator LOGIN;
/* create all requisite extensions */
CREATE EXTENSION oracle_fdw;
CREATE EXTENSION db_migrator;
CREATE EXTENSION ora_migrator;
/* create a foreign server and a user mapping */
CREATE SERVER oracle FOREIGN DATA WRAPPER oracle_fdw
   OPTIONS (dbserver '');
CREATE USER MAPPING FOR PUBLIC SERVER oracle
   OPTIONS (user 'testschema1', password 'good_password');
/* give the user the required permissions */
GRANT CREATE ON DATABASE contrib_regression TO migrator;
GRANT USAGE ON FOREIGN SERVER oracle TO migrator;
/* connect as migration user */
\connect - migrator
SET client_min_messages = WARNING;
/* remove potential leftovers from previous tests */
DO
$$BEGIN
   BEGIN
      PERFORM oracle_execute('oracle', 'DROP TRIGGER testschema1."__Log_BADDATA_TRIG"');
   EXCEPTION
      WHEN fdw_unable_to_create_execution THEN NULL;
   END;
   BEGIN
      PERFORM oracle_execute('oracle', 'DROP TABLE testschema1."__Log_BADDATA" PURGE');
   EXCEPTION
      WHEN fdw_unable_to_create_execution THEN NULL;
   END;
   BEGIN
      PERFORM oracle_execute('oracle', 'DROP TRIGGER testschema1."__Log_LOG_TRIG"');
   EXCEPTION
      WHEN fdw_unable_to_create_execution THEN NULL;
   END;
   BEGIN
      PERFORM oracle_execute('oracle', 'DROP TABLE testschema1."__Log_LOG" PURGE');
   EXCEPTION
      WHEN fdw_unable_to_create_execution THEN NULL;
   END;
   BEGIN
      PERFORM oracle_execute('oracle', 'DROP TRIGGER testschema1."__Log_TAB1_TRIG"');
   EXCEPTION
      WHEN fdw_unable_to_create_execution THEN NULL;
   END;
   BEGIN
      PERFORM oracle_execute('oracle', 'DROP TABLE testschema1."__Log_TAB1" PURGE');
   EXCEPTION
      WHEN fdw_unable_to_create_execution THEN NULL;
   END;
   BEGIN
      PERFORM oracle_execute('oracle', 'DROP TRIGGER testschema1."__Log_TAB2_TRIG"');
   EXCEPTION
      WHEN fdw_unable_to_create_execution THEN NULL;
   END;
   BEGIN
      PERFORM oracle_execute('oracle', 'DROP TABLE testschema1."__Log_TAB2" PURGE');
   EXCEPTION
      WHEN fdw_unable_to_create_execution THEN NULL;
   END;
   BEGIN
      PERFORM oracle_execute('oracle', 'DROP TRIGGER testschema2."__Log_TAB3_TRIG"');
   EXCEPTION
      WHEN fdw_unable_to_create_execution THEN NULL;
   END;
   BEGIN
      PERFORM oracle_execute('oracle', 'DROP TABLE testschema2."__Log_TAB3" PURGE');
   EXCEPTION
      WHEN fdw_unable_to_create_execution THEN NULL;
   END;
END;$$;
/* set up staging schemas */
SELECT db_migrate_prepare(
   plugin => 'ora_migrator',
   server => 'oracle',
   only_schemas => ARRAY['TESTSCHEMA1', 'TESTSCHEMA2'],
   options => JSONB '{"max_long": 1024}'
);
 db_migrate_prepare 
--------------------
                  0
(1 row)

SELECT schema, task_type, task_content, task_unit, sum(migration_hours)
FROM fdw_stage.migration_cost_estimate
WHERE schema IN ('TESTSCHEMA1', 'TESTSCHEMA2')
  AND task_type <> 'data_migration'  /* size is variable */
GROUP BY GROUPING SETS ((schema, task_type, task_content, task_unit), (schema))
ORDER BY schema, task_type;
   schema    | task_type | task_content | task_unit  | sum 
-------------+-----------+--------------+------------+-----
 TESTSCHEMA1 | functions |           68 | characters |   1
 TESTSCHEMA1 | tables    |            4 | count      |   1
 TESTSCHEMA1 | triggers  |          120 | characters |   1
 TESTSCHEMA1 | views     |           76 | characters |   1
 TESTSCHEMA1 |           |              |            |   4
 TESTSCHEMA2 | tables    |            1 | count      |   1
 TESTSCHEMA2 |           |              |            |   1
(7 rows)

/* edit some values in the staging schema */
UPDATE pgsql_stage.triggers
   SET trigger_body = replace(
                         replace(trigger_body, ':NEW', 'NEW'),
                         'USER',
                         'current_user'
                      )
   WHERE schema = 'testschema1'
     AND table_name = 'tab1'
     AND trigger_name = 'tab1_trig';
UPDATE pgsql_stage.functions SET migrate = TRUE;
UPDATE pgsql_stage.functions
   SET source = replace(
                   replace(
                      replace(source, 'RETURN DATE', 'RETURNS date'),
                      'BEGIN',
                      '$$BEGIN'
                   ),
                   'END;',
                   'END;$$ LANGUAGE plpgsql'
                )
   WHERE schema = 'testschema1'
     AND function_name = 'tomorrow';
UPDATE pgsql_stage.triggers SET migrate = TRUE;
/* test "baddata" for problems */
SELECT message
FROM oracle_test_table('oracle', 'testschema1', 'baddata')
ORDER BY message;
                     message                     
-------------------------------------------------
 invalid byte in "VALUE2" 
 zero byte in "VALUE1" invalid byte in "VALUE2" 
(2 rows)

/* perform the migration */
SELECT db_migrate_mkforeign(
   plugin => 'ora_migrator',
   server => 'oracle',
   options => JSONB '{"max_long": 1024}'
);
 db_migrate_mkforeign 
----------------------
                    0
(1 row)

SELECT oracle_migrate_test_data(
   server => 'oracle',
   only_schemas => ARRAY['TESTSCHEMA1', 'TESTSCHEMA2']
);
 oracle_migrate_test_data 
--------------------------
                        2
(1 row)

SELECT oracle_replication_start(
   server => 'oracle'
);
 oracle_replication_start 
--------------------------
 
(1 row)

SELECT db_migrate_tables(
   plugin => 'ora_migrator'
);
WARNING:  Error loading table data for testschema1.baddata
DETAIL:  invalid byte sequence for encoding "UTF8": 0x00: 
 db_migrate_tables 
-------------------
                 1
(1 row)

SELECT db_migrate_constraints(
   plugin => 'ora_migrator'
);
WARNING:  Error creating primary key or unique constraint on table testschema1.baddata
DETAIL:  relation "testschema1.baddata" does not exist: 
 db_migrate_constraints 
------------------------
                      1
(1 row)

SELECT db_migrate_functions(
   plugin => 'ora_migrator'
);
 db_migrate_functions 
----------------------
                    0
(1 row)

SELECT db_migrate_triggers(
   plugin => 'ora_migrator'
);
 db_migrate_triggers 
---------------------
                   0
(1 row)

SELECT db_migrate_views(
   plugin => 'ora_migrator'
);
 db_migrate_views 
------------------
                0
(1 row)

/* we have to check the log table before we drop the schema */
SELECT operation, schema_name, object_name, failed_sql, error_message
FROM pgsql_stage.migrate_log
ORDER BY log_time;
     operation     | schema_name | object_name |                                       failed_sql                                        |                   error_message                   
-------------------+-------------+-------------+-----------------------------------------------------------------------------------------+---------------------------------------------------
 copy table data   | testschema1 | baddata     | INSERT INTO testschema1.baddata SELECT * FROM testschema1."baddata\x07"                 | invalid byte sequence for encoding "UTF8": 0x00: 
 unique constraint | testschema1 | baddata     | ALTER TABLE testschema1.baddata ADD PRIMARY KEY (id) NOT DEFERRABLE INITIALLY IMMEDIATE | relation "testschema1.baddata" does not exist: 
(2 rows)

SELECT db_migrate_finish();
 db_migrate_finish 
-------------------
                 0
(1 row)

